

================================================================
== Vivado HLS Report for 'colorToNdg'
================================================================
* Date:           Tue May 15 13:41:42 2018

* Version:        2017.4.1 (Build 2117188 on Tue Jan 30 15:53:01 MST 2018)
* Project:        project_tracking_on_soc
* Solution:       solution1
* Product family: zynq
* Target device:  xc7z020clg484-1


================================================================
== Performance Estimates
================================================================
+ Timing (ns): 
    * Summary: 
    +--------+-------+----------+------------+
    |  Clock | Target| Estimated| Uncertainty|
    +--------+-------+----------+------------+
    |ap_clk  |  10.00|      6.38|        1.25|
    +--------+-------+----------+------------+

+ Latency (clock cycles): 
    * Summary: 
    +-----+-----+-----+-----+---------+
    |  Latency  |  Interval | Pipeline|
    | min | max | min | max |   Type  |
    +-----+-----+-----+-----+---------+
    |    ?|    ?|    ?|    ?|   none  |
    +-----+-----+-----+-----+---------+

    + Detail: 
        * Instance: 
        N/A

        * Loop: 
        +-------------+-----+-----+----------+-----------+-----------+------+----------+
        |             |  Latency  | Iteration|  Initiation Interval  | Trip |          |
        |  Loop Name  | min | max |  Latency |  achieved |   target  | Count| Pipelined|
        +-------------+-----+-----+----------+-----------+-----------+------+----------+
        |- Loop 1     |    ?|    ?|         ?|          -|          -|     ?|    no    |
        | + Loop 1.1  |    ?|    ?|         2|          -|          -|     ?|    no    |
        +-------------+-----+-----+----------+-----------+-----------+------+----------+



================================================================
== Utilization Estimates
================================================================
* Summary: 
+-----------------+---------+-------+--------+-------+
|       Name      | BRAM_18K| DSP48E|   FF   |  LUT  |
+-----------------+---------+-------+--------+-------+
|DSP              |        -|      1|       -|      -|
|Expression       |        -|      -|       0|    185|
|FIFO             |        -|      -|       -|      -|
|Instance         |        -|      -|       -|      -|
|Memory           |        -|      -|       -|      -|
|Multiplexer      |        -|      -|       -|     99|
|Register         |        -|      -|     214|      -|
+-----------------+---------+-------+--------+-------+
|Total            |        0|      1|     214|    284|
+-----------------+---------+-------+--------+-------+
|Available        |      280|    220|  106400|  53200|
+-----------------+---------+-------+--------+-------+
|Utilization (%)  |        0|   ~0  |   ~0   |   ~0  |
+-----------------+---------+-------+--------+-------+

+ Detail: 
    * Instance: 
    N/A

    * DSP48: 
    +--------------------------+----------------------+----------------+
    |         Instance         |        Module        |   Expression   |
    +--------------------------+----------------------+----------------+
    |main_am_addmul_9nbkb_U17  |main_am_addmul_9nbkb  | (i0 + i1) * i2 |
    +--------------------------+----------------------+----------------+

    * Memory: 
    N/A

    * FIFO: 
    N/A

    * Expression: 
    +---------------------+----------+-------+---+----+------------+------------+
    |    Variable Name    | Operation| DSP48E| FF| LUT| Bitwidth P0| Bitwidth P1|
    +---------------------+----------+-------+---+----+------------+------------+
    |col_fu_161_p2        |     +    |      0|  0|  39|          32|           1|
    |lig_fu_150_p2        |     +    |      0|  0|  39|          32|           1|
    |tmp_1_i_fu_175_p2    |     +    |      0|  0|  16|           9|           9|
    |tmp_4_fu_121_p2      |     +    |      0|  0|  19|          12|           1|
    |tmp_6_fu_135_p2      |     +    |      0|  0|  20|          13|           1|
    |exitcond1_fu_145_p2  |   icmp   |      0|  0|  18|          32|          32|
    |exitcond_fu_156_p2   |   icmp   |      0|  0|  18|          32|          32|
    |ap_block_state1      |    or    |      0|  0|   8|           1|           1|
    |ap_block_state3      |    or    |      0|  0|   8|           1|           1|
    +---------------------+----------+-------+---+----+------------+------------+
    |Total                |          |      0|  0| 185|         164|          79|
    +---------------------+----------+-------+---+----+------------+------------+

    * Multiplexer: 
    +------------------------------+----+-----------+-----+-----------+
    |             Name             | LUT| Input Size| Bits| Total Bits|
    +------------------------------+----+-----------+-----+-----------+
    |ap_NS_fsm                     |  27|          5|    1|          5|
    |ap_done                       |   9|          2|    1|          2|
    |col_i_reg_106                 |   9|          2|   32|         64|
    |imgColor_cols_V_blk_n         |   9|          2|    1|          2|
    |imgColor_data_stream_5_blk_n  |   9|          2|    1|          2|
    |imgColor_data_stream_6_blk_n  |   9|          2|    1|          2|
    |imgColor_data_stream_blk_n    |   9|          2|    1|          2|
    |imgColor_rows_V_blk_n         |   9|          2|    1|          2|
    |lig_i_reg_95                  |   9|          2|   32|         64|
    +------------------------------+----+-----------+-----+-----------+
    |Total                         |  99|         21|   71|        145|
    +------------------------------+----+-----------+-----+-----------+

    * Register: 
    +--------------------+----+----+-----+-----------+
    |        Name        | FF | LUT| Bits| Const Bits|
    +--------------------+----+----+-----+-----------+
    |ap_CS_fsm           |   4|   0|    4|          0|
    |ap_done_reg         |   1|   0|    1|          0|
    |col_i_reg_106       |  32|   0|   32|          0|
    |col_reg_227         |  32|   0|   32|          0|
    |lig_i_reg_95        |  32|   0|   32|          0|
    |lig_reg_219         |  32|   0|   32|          0|
    |tmp_1_i_reg_237     |   9|   0|    9|          0|
    |tmp_4_cast_reg_206  |  32|   0|   32|          0|
    |tmp_6_cast_reg_211  |  32|   0|   32|          0|
    |tmp_reg_232         |   8|   0|    8|          0|
    +--------------------+----+----+-----+-----------+
    |Total               | 214|   0|  214|          0|
    +--------------------+----+----+-----+-----------+



================================================================
== Interface
================================================================
* Summary: 
+--------------------------------+-----+-----+------------+------------------------+--------------+
|            RTL Ports           | Dir | Bits|  Protocol  |      Source Object     |    C Type    |
+--------------------------------+-----+-----+------------+------------------------+--------------+
|ap_clk                          |  in |    1| ap_ctrl_hs |       colorToNdg       | return value |
|ap_rst                          |  in |    1| ap_ctrl_hs |       colorToNdg       | return value |
|ap_start                        |  in |    1| ap_ctrl_hs |       colorToNdg       | return value |
|ap_done                         | out |    1| ap_ctrl_hs |       colorToNdg       | return value |
|ap_continue                     |  in |    1| ap_ctrl_hs |       colorToNdg       | return value |
|ap_idle                         | out |    1| ap_ctrl_hs |       colorToNdg       | return value |
|ap_ready                        | out |    1| ap_ctrl_hs |       colorToNdg       | return value |
|imgColor_rows_V_dout            |  in |   12|   ap_fifo  |     imgColor_rows_V    |    pointer   |
|imgColor_rows_V_empty_n         |  in |    1|   ap_fifo  |     imgColor_rows_V    |    pointer   |
|imgColor_rows_V_read            | out |    1|   ap_fifo  |     imgColor_rows_V    |    pointer   |
|imgColor_cols_V_dout            |  in |   11|   ap_fifo  |     imgColor_cols_V    |    pointer   |
|imgColor_cols_V_empty_n         |  in |    1|   ap_fifo  |     imgColor_cols_V    |    pointer   |
|imgColor_cols_V_read            | out |    1|   ap_fifo  |     imgColor_cols_V    |    pointer   |
|imgColor_data_stream_dout       |  in |    8|   ap_fifo  |  imgColor_data_stream  |    pointer   |
|imgColor_data_stream_empty_n    |  in |    1|   ap_fifo  |  imgColor_data_stream  |    pointer   |
|imgColor_data_stream_read       | out |    1|   ap_fifo  |  imgColor_data_stream  |    pointer   |
|imgColor_data_stream_5_dout     |  in |    8|   ap_fifo  | imgColor_data_stream_5 |    pointer   |
|imgColor_data_stream_5_empty_n  |  in |    1|   ap_fifo  | imgColor_data_stream_5 |    pointer   |
|imgColor_data_stream_5_read     | out |    1|   ap_fifo  | imgColor_data_stream_5 |    pointer   |
|imgColor_data_stream_6_dout     |  in |    8|   ap_fifo  | imgColor_data_stream_6 |    pointer   |
|imgColor_data_stream_6_empty_n  |  in |    1|   ap_fifo  | imgColor_data_stream_6 |    pointer   |
|imgColor_data_stream_6_read     | out |    1|   ap_fifo  | imgColor_data_stream_6 |    pointer   |
|imgNdg_data_stream_V            | out |    8|   ap_vld   |  imgNdg_data_stream_V  |    pointer   |
|imgNdg_data_stream_V_ap_vld     | out |    1|   ap_vld   |  imgNdg_data_stream_V  |    pointer   |
+--------------------------------+-----+-----+------------+------------------------+--------------+

