

================================================================
== Vivado HLS Report for 'main'
================================================================
* Date:           Tue May 15 13:41:41 2018

* Version:        2017.4.1 (Build 2117188 on Tue Jan 30 15:53:01 MST 2018)
* Project:        project_tracking_on_soc
* Solution:       solution1
* Product family: zynq
* Target device:  xc7z020clg484-1


================================================================
== Performance Estimates
================================================================
+ Timing (ns): 
    * Summary: 
    +--------+-------+----------+------------+
    |  Clock | Target| Estimated| Uncertainty|
    +--------+-------+----------+------------+
    |ap_clk  |  10.00|      7.27|        1.25|
    +--------+-------+----------+------------+

+ Latency (clock cycles): 
    * Summary: 
    +-----+-----+-----+-----+----------+
    |  Latency  |  Interval | Pipeline |
    | min | max | min | max |   Type   |
    +-----+-----+-----+-----+----------+
    |    ?|    ?|    ?|    ?| dataflow |
    +-----+-----+-----+-----+----------+

    + Detail: 
        * Instance: 
        +-------------------------------+--------------+-----+--------+-----+--------+---------+
        |                               |              |    Latency   |   Interval   | Pipeline|
        |            Instance           |    Module    | min |   max  | min |   max  |   Type  |
        +-------------------------------+--------------+-----+--------+-----+--------+---------+
        |grp_colorToNdg_fu_122          |colorToNdg    |    ?|       ?|    ?|       ?|   none  |
        |grp_AXIvideo2Mat_fu_132        |AXIvideo2Mat  |    3|  791555|    3|  791555|   none  |
        |StgValue_21_Block_proc_fu_150  |Block_proc    |    0|       0|    0|       0|   none  |
        +-------------------------------+--------------+-----+--------+-----+--------+---------+

        * Loop: 
        N/A

============================================================
+ Verbose Summary: Synthesis Manager
============================================================
InlineROM: 1
ExposeGlobal: 0
============================================================
+ Verbose Summary: CDFG Model
============================================================
IsTopModel: 1
ResetActiveHigh: 1
IsCombinational: 2
IsDatapathOnly: 0
HasWiredReturn: 1
HasMFsm: 0
HasVarLatency: 1
IsPipeline: 0
IsRtlPipelined: 0
IsInstanceOverlapped: 0
IsDontTouch: 0
HasImplIP: 0
IsGatedGlobalClock: 0


============================================================
+ Verbose Summary: Schedule
============================================================
* Number of FSM states : 5
* Pipeline : 0
* Dataflow Pipeline: 1
  DF-Pipeline-0: Size = 5, States = { 1 2 3 4 5 }

* FSM state transitions: 
1 --> 
	2  / true
2 --> 
	3  / true
3 --> 
	4  / true
4 --> 
	5  / true
5 --> 

* FSM state operations: 

 <State 1> : 0.00ns
ST_1 : Operation 6 [1/1] (0.00ns)   --->   "%imgColor_cols_V_c41 = alloca i11, align 2"   --->   Core 32 'FIFO' <Latency = 0> <II = 1> <Delay = 3.63> <Storage> <Opcode : 'read' 'write' 'nbread' 'nbwrite'> <Ports = 0> <Width = 8> <Depth = 1> <FIFO>
ST_1 : Operation 7 [1/1] (0.00ns)   --->   "%imgColor_rows_V_c40 = alloca i12, align 2"   --->   Core 32 'FIFO' <Latency = 0> <II = 1> <Delay = 3.63> <Storage> <Opcode : 'read' 'write' 'nbread' 'nbwrite'> <Ports = 0> <Width = 8> <Depth = 1> <FIFO>
ST_1 : Operation 8 [1/1] (0.00ns)   --->   "%imgColor_cols_V_c = alloca i11, align 2"   --->   Core 32 'FIFO' <Latency = 0> <II = 1> <Delay = 3.63> <Storage> <Opcode : 'read' 'write' 'nbread' 'nbwrite'> <Ports = 0> <Width = 8> <Depth = 1> <FIFO>
ST_1 : Operation 9 [1/1] (0.00ns)   --->   "%imgColor_rows_V_c = alloca i12, align 2"   --->   Core 32 'FIFO' <Latency = 0> <II = 1> <Delay = 3.63> <Storage> <Opcode : 'read' 'write' 'nbread' 'nbwrite'> <Ports = 0> <Width = 8> <Depth = 1> <FIFO>
ST_1 : Operation 10 [1/1] (0.00ns)   --->   "%video_in_V_data_V = alloca i24, align 4" [project_tracking_on_soc/sources/main.cpp:7]
ST_1 : Operation 11 [1/1] (0.00ns)   --->   "%video_in_V_keep_V = alloca i3, align 1" [project_tracking_on_soc/sources/main.cpp:7]
ST_1 : Operation 12 [1/1] (0.00ns)   --->   "%video_in_V_strb_V = alloca i3, align 1" [project_tracking_on_soc/sources/main.cpp:7]
ST_1 : Operation 13 [1/1] (0.00ns)   --->   "%video_in_V_user_V = alloca i1, align 1" [project_tracking_on_soc/sources/main.cpp:7]
ST_1 : Operation 14 [1/1] (0.00ns)   --->   "%video_in_V_last_V = alloca i1, align 1" [project_tracking_on_soc/sources/main.cpp:7]
ST_1 : Operation 15 [1/1] (0.00ns)   --->   "%video_in_V_id_V = alloca i1, align 1" [project_tracking_on_soc/sources/main.cpp:7]
ST_1 : Operation 16 [1/1] (0.00ns)   --->   "%video_in_V_dest_V = alloca i1, align 1" [project_tracking_on_soc/sources/main.cpp:7]
ST_1 : Operation 17 [1/1] (0.00ns)   --->   "%imgColor_data_stream = alloca i8, align 1" [project_tracking_on_soc/sources/main.cpp:30]   --->   Core 32 'FIFO' <Latency = 0> <II = 1> <Delay = 3.63> <Storage> <Opcode : 'read' 'write' 'nbread' 'nbwrite'> <Ports = 0> <Width = 8> <Depth = 1> <FIFO>
ST_1 : Operation 18 [1/1] (0.00ns)   --->   "%imgColor_data_stream_1 = alloca i8, align 1" [project_tracking_on_soc/sources/main.cpp:30]   --->   Core 32 'FIFO' <Latency = 0> <II = 1> <Delay = 3.63> <Storage> <Opcode : 'read' 'write' 'nbread' 'nbwrite'> <Ports = 0> <Width = 8> <Depth = 1> <FIFO>
ST_1 : Operation 19 [1/1] (0.00ns)   --->   "%imgColor_data_stream_2 = alloca i8, align 1" [project_tracking_on_soc/sources/main.cpp:30]   --->   Core 32 'FIFO' <Latency = 0> <II = 1> <Delay = 3.63> <Storage> <Opcode : 'read' 'write' 'nbread' 'nbwrite'> <Ports = 0> <Width = 8> <Depth = 1> <FIFO>
ST_1 : Operation 20 [1/1] (0.00ns)   --->   "%imgNdg_data_stream_0 = alloca i8, align 1" [project_tracking_on_soc/sources/main.cpp:32]
ST_1 : Operation 21 [1/1] (0.00ns)   --->   "call fastcc void @Block__proc(i12* %imgColor_rows_V_c, i11* %imgColor_cols_V_c) nounwind"   --->   Core 0 '' <Latency = 0> <II = 1> <Delay = 1.00> <Generic> <Opcode : >

 <State 2> : 1.77ns
ST_2 : Operation 22 [2/2] (1.76ns)   --->   "call fastcc void @AXIvideo2Mat(i24* %video_in_V_data_V, i3* %video_in_V_keep_V, i3* %video_in_V_strb_V, i1* %video_in_V_user_V, i1* %video_in_V_last_V, i1* %video_in_V_id_V, i1* %video_in_V_dest_V, i12* nocapture %imgColor_rows_V_c, i11* nocapture %imgColor_cols_V_c, i8* %imgColor_data_stream, i8* %imgColor_data_stream_1, i8* %imgColor_data_stream_2, i12* %imgColor_rows_V_c40, i11* %imgColor_cols_V_c41) nounwind" [project_tracking_on_soc/sources/main.cpp:31]   --->   Core 0 '' <Latency = 0> <II = 1> <Delay = 1.00> <Generic> <Opcode : >

 <State 3> : 0.00ns
ST_3 : Operation 23 [1/2] (0.00ns)   --->   "call fastcc void @AXIvideo2Mat(i24* %video_in_V_data_V, i3* %video_in_V_keep_V, i3* %video_in_V_strb_V, i1* %video_in_V_user_V, i1* %video_in_V_last_V, i1* %video_in_V_id_V, i1* %video_in_V_dest_V, i12* nocapture %imgColor_rows_V_c, i11* nocapture %imgColor_cols_V_c, i8* %imgColor_data_stream, i8* %imgColor_data_stream_1, i8* %imgColor_data_stream_2, i12* %imgColor_rows_V_c40, i11* %imgColor_cols_V_c41) nounwind" [project_tracking_on_soc/sources/main.cpp:31]   --->   Core 0 '' <Latency = 0> <II = 1> <Delay = 1.00> <Generic> <Opcode : >

 <State 4> : 0.00ns
ST_4 : Operation 24 [2/2] (0.00ns)   --->   "call fastcc void @colorToNdg(i12* nocapture %imgColor_rows_V_c40, i11* nocapture %imgColor_cols_V_c41, i8* %imgColor_data_stream, i8* %imgColor_data_stream_1, i8* %imgColor_data_stream_2, i8* %imgNdg_data_stream_0) nounwind" [project_tracking_on_soc/sources/main.cpp:34]   --->   Core 0 '' <Latency = 0> <II = 1> <Delay = 1.00> <Generic> <Opcode : >

 <State 5> : 6.38ns
ST_5 : Operation 25 [1/1] (0.00ns)   --->   "call void (...)* @_ssdm_op_SpecDataflowPipeline(i32 -1, [1 x i8]* @p_str4) nounwind" [project_tracking_on_soc/sources/main.cpp:29]
ST_5 : Operation 26 [1/1] (0.00ns)   --->   "call void (...)* @_ssdm_op_SpecBitsMap(i32 0) nounwind, !map !112"
ST_5 : Operation 27 [1/1] (0.00ns)   --->   "call void (...)* @_ssdm_op_SpecTopModule([5 x i8]* @main_str) nounwind"
ST_5 : Operation 28 [1/1] (0.00ns)   --->   "%empty = call i32 (...)* @_ssdm_op_SpecChannel([26 x i8]* @imgColor_OC_data_str_2, i32 1, [1 x i8]* @p_str, [1 x i8]* @p_str, i32 1, i32 1, i8* %imgColor_data_stream, i8* %imgColor_data_stream) nounwind"
ST_5 : Operation 29 [1/1] (0.00ns)   --->   "call void (...)* @_ssdm_op_SpecInterface(i8* %imgColor_data_stream, [8 x i8]* @ap_fifo_str, i32 0, i32 0, [1 x i8]* @p_str, i32 0, i32 0, [1 x i8]* @p_str, [1 x i8]* @p_str, [1 x i8]* @p_str, i32 2, i32 2, i32 16, i32 16, [1 x i8]* @p_str, [1 x i8]* @p_str)"
ST_5 : Operation 30 [1/1] (0.00ns)   --->   "%empty_10 = call i32 (...)* @_ssdm_op_SpecChannel([26 x i8]* @imgColor_OC_data_str_1, i32 1, [1 x i8]* @p_str, [1 x i8]* @p_str, i32 1, i32 1, i8* %imgColor_data_stream_1, i8* %imgColor_data_stream_1) nounwind"
ST_5 : Operation 31 [1/1] (0.00ns)   --->   "call void (...)* @_ssdm_op_SpecInterface(i8* %imgColor_data_stream_1, [8 x i8]* @ap_fifo_str, i32 0, i32 0, [1 x i8]* @p_str, i32 0, i32 0, [1 x i8]* @p_str, [1 x i8]* @p_str, [1 x i8]* @p_str, i32 2, i32 2, i32 16, i32 16, [1 x i8]* @p_str, [1 x i8]* @p_str)"
ST_5 : Operation 32 [1/1] (0.00ns)   --->   "%empty_11 = call i32 (...)* @_ssdm_op_SpecChannel([26 x i8]* @imgColor_OC_data_str, i32 1, [1 x i8]* @p_str, [1 x i8]* @p_str, i32 1, i32 1, i8* %imgColor_data_stream_2, i8* %imgColor_data_stream_2) nounwind"
ST_5 : Operation 33 [1/1] (0.00ns)   --->   "call void (...)* @_ssdm_op_SpecInterface(i8* %imgColor_data_stream_2, [8 x i8]* @ap_fifo_str, i32 0, i32 0, [1 x i8]* @p_str, i32 0, i32 0, [1 x i8]* @p_str, [1 x i8]* @p_str, [1 x i8]* @p_str, i32 2, i32 2, i32 16, i32 16, [1 x i8]* @p_str, [1 x i8]* @p_str)"
ST_5 : Operation 34 [1/1] (0.00ns)   --->   "call void (...)* @_ssdm_op_SpecInterface(i32 0, [10 x i8]* @p_str6, i32 0, i32 0, [1 x i8]* @p_str4, i32 0, i32 0, [12 x i8]* @p_str7, [1 x i8]* @p_str4, [1 x i8]* @p_str4, i32 0, i32 0, i32 0, i32 0, [1 x i8]* @p_str4, [1 x i8]* @p_str4) nounwind" [project_tracking_on_soc/sources/main.cpp:17]
ST_5 : Operation 35 [1/1] (0.00ns)   --->   "call void (...)* @_ssdm_op_SpecInterface(i32 300, [10 x i8]* @p_str6, i32 0, i32 0, [1 x i8]* @p_str4, i32 0, i32 0, [12 x i8]* @p_str7, [5 x i8]* @p_str8, [1 x i8]* @p_str4, i32 0, i32 0, i32 0, i32 0, [1 x i8]* @p_str4, [1 x i8]* @p_str4) nounwind" [project_tracking_on_soc/sources/main.cpp:19]
ST_5 : Operation 36 [1/1] (0.00ns)   --->   "call void (...)* @_ssdm_op_SpecInterface(i32 300, [10 x i8]* @p_str6, i32 0, i32 0, [1 x i8]* @p_str4, i32 0, i32 0, [12 x i8]* @p_str7, [5 x i8]* @p_str9, [1 x i8]* @p_str4, i32 0, i32 0, i32 0, i32 0, [1 x i8]* @p_str4, [1 x i8]* @p_str4) nounwind" [project_tracking_on_soc/sources/main.cpp:20]
ST_5 : Operation 37 [1/1] (0.00ns)   --->   "call void (...)* @_ssdm_op_SpecInterface(i32 300, [10 x i8]* @p_str10, i32 0, i32 0, [1 x i8]* @p_str4, i32 0, i32 0, [1 x i8]* @p_str4, [1 x i8]* @p_str4, [1 x i8]* @p_str4, i32 0, i32 0, i32 0, i32 0, [1 x i8]* @p_str4, [1 x i8]* @p_str4) nounwind" [project_tracking_on_soc/sources/main.cpp:21]
ST_5 : Operation 38 [1/1] (0.00ns)   --->   "call void (...)* @_ssdm_op_SpecInterface(i32 300, [10 x i8]* @p_str10, i32 0, i32 0, [1 x i8]* @p_str4, i32 0, i32 0, [1 x i8]* @p_str4, [1 x i8]* @p_str4, [1 x i8]* @p_str4, i32 0, i32 0, i32 0, i32 0, [1 x i8]* @p_str4, [1 x i8]* @p_str4) nounwind" [project_tracking_on_soc/sources/main.cpp:22]
ST_5 : Operation 39 [1/1] (0.00ns)   --->   "%empty_12 = call i32 (...)* @_ssdm_op_SpecChannel([18 x i8]* @imgColor_OC_rows_OC_1, i32 1, [1 x i8]* @p_str, [1 x i8]* @p_str, i32 1, i32 0, i12* %imgColor_rows_V_c, i12* %imgColor_rows_V_c) nounwind"
ST_5 : Operation 40 [1/1] (0.00ns)   --->   "call void (...)* @_ssdm_op_SpecInterface(i12* %imgColor_rows_V_c, [8 x i8]* @ap_fifo_str, i32 0, i32 0, [1 x i8]* @p_str, i32 0, i32 0, [1 x i8]* @p_str, [1 x i8]* @p_str, [1 x i8]* @p_str, i32 2, i32 2, i32 16, i32 16, [1 x i8]* @p_str, [1 x i8]* @p_str)"
ST_5 : Operation 41 [1/1] (0.00ns)   --->   "%empty_13 = call i32 (...)* @_ssdm_op_SpecChannel([18 x i8]* @imgColor_OC_cols_OC_1, i32 1, [1 x i8]* @p_str, [1 x i8]* @p_str, i32 1, i32 0, i11* %imgColor_cols_V_c, i11* %imgColor_cols_V_c) nounwind"
ST_5 : Operation 42 [1/1] (0.00ns)   --->   "call void (...)* @_ssdm_op_SpecInterface(i11* %imgColor_cols_V_c, [8 x i8]* @ap_fifo_str, i32 0, i32 0, [1 x i8]* @p_str, i32 0, i32 0, [1 x i8]* @p_str, [1 x i8]* @p_str, [1 x i8]* @p_str, i32 2, i32 2, i32 16, i32 16, [1 x i8]* @p_str, [1 x i8]* @p_str)"
ST_5 : Operation 43 [1/1] (0.00ns)   --->   "%empty_14 = call i32 (...)* @_ssdm_op_SpecChannel([20 x i8]* @imgColor_OC_rows_OC_s, i32 1, [1 x i8]* @p_str, [1 x i8]* @p_str, i32 1, i32 0, i12* %imgColor_rows_V_c40, i12* %imgColor_rows_V_c40) nounwind"
ST_5 : Operation 44 [1/1] (0.00ns)   --->   "call void (...)* @_ssdm_op_SpecInterface(i12* %imgColor_rows_V_c40, [8 x i8]* @ap_fifo_str, i32 0, i32 0, [1 x i8]* @p_str, i32 0, i32 0, [1 x i8]* @p_str, [1 x i8]* @p_str, [1 x i8]* @p_str, i32 2, i32 2, i32 16, i32 16, [1 x i8]* @p_str, [1 x i8]* @p_str)"
ST_5 : Operation 45 [1/1] (0.00ns)   --->   "%empty_15 = call i32 (...)* @_ssdm_op_SpecChannel([20 x i8]* @imgColor_OC_cols_OC_s, i32 1, [1 x i8]* @p_str, [1 x i8]* @p_str, i32 1, i32 0, i11* %imgColor_cols_V_c41, i11* %imgColor_cols_V_c41) nounwind"
ST_5 : Operation 46 [1/1] (0.00ns)   --->   "call void (...)* @_ssdm_op_SpecInterface(i11* %imgColor_cols_V_c41, [8 x i8]* @ap_fifo_str, i32 0, i32 0, [1 x i8]* @p_str, i32 0, i32 0, [1 x i8]* @p_str, [1 x i8]* @p_str, [1 x i8]* @p_str, i32 2, i32 2, i32 16, i32 16, [1 x i8]* @p_str, [1 x i8]* @p_str)"
ST_5 : Operation 47 [1/2] (6.38ns)   --->   "call fastcc void @colorToNdg(i12* nocapture %imgColor_rows_V_c40, i11* nocapture %imgColor_cols_V_c41, i8* %imgColor_data_stream, i8* %imgColor_data_stream_1, i8* %imgColor_data_stream_2, i8* %imgNdg_data_stream_0) nounwind" [project_tracking_on_soc/sources/main.cpp:34]   --->   Core 0 '' <Latency = 0> <II = 1> <Delay = 1.00> <Generic> <Opcode : >
ST_5 : Operation 48 [1/1] (0.00ns)   --->   "ret i32 0" [project_tracking_on_soc/sources/main.cpp:35]


============================================================
+ Verbose Summary: Binding
============================================================
STG Binding: 
---------------- STG Properties BEGIN ----------------
- Is combinational: 0
- Is one-state seq: 0
- Is datapath-only: 0
- Is pipelined: 0
- Is top level: 1
Port [ Return ] is wired: 1; IO mode=ap_ctrl_hs:ce=0
---------------- STG Properties END ------------------

---------------- Datapath Model BEGIN ----------------

<LifeTime>
<method=bitvector/>
imgColor_cols_V_c41    (alloca              ) [ 001111]
imgColor_rows_V_c40    (alloca              ) [ 001111]
imgColor_cols_V_c      (alloca              ) [ 011111]
imgColor_rows_V_c      (alloca              ) [ 011111]
video_in_V_data_V      (alloca              ) [ 001100]
video_in_V_keep_V      (alloca              ) [ 001100]
video_in_V_strb_V      (alloca              ) [ 001100]
video_in_V_user_V      (alloca              ) [ 001100]
video_in_V_last_V      (alloca              ) [ 001100]
video_in_V_id_V        (alloca              ) [ 001100]
video_in_V_dest_V      (alloca              ) [ 001100]
imgColor_data_stream   (alloca              ) [ 001111]
imgColor_data_stream_1 (alloca              ) [ 001111]
imgColor_data_stream_2 (alloca              ) [ 001111]
imgNdg_data_stream_0   (alloca              ) [ 001111]
StgValue_21            (call                ) [ 000000]
StgValue_23            (call                ) [ 000000]
StgValue_25            (specdataflowpipeline) [ 000000]
StgValue_26            (specbitsmap         ) [ 000000]
StgValue_27            (spectopmodule       ) [ 000000]
empty                  (specchannel         ) [ 000000]
StgValue_29            (specinterface       ) [ 000000]
empty_10               (specchannel         ) [ 000000]
StgValue_31            (specinterface       ) [ 000000]
empty_11               (specchannel         ) [ 000000]
StgValue_33            (specinterface       ) [ 000000]
StgValue_34            (specinterface       ) [ 000000]
StgValue_35            (specinterface       ) [ 000000]
StgValue_36            (specinterface       ) [ 000000]
StgValue_37            (specinterface       ) [ 000000]
StgValue_38            (specinterface       ) [ 000000]
empty_12               (specchannel         ) [ 000000]
StgValue_40            (specinterface       ) [ 000000]
empty_13               (specchannel         ) [ 000000]
StgValue_42            (specinterface       ) [ 000000]
empty_14               (specchannel         ) [ 000000]
StgValue_44            (specinterface       ) [ 000000]
empty_15               (specchannel         ) [ 000000]
StgValue_46            (specinterface       ) [ 000000]
StgValue_47            (call                ) [ 000000]
StgValue_48            (ret                 ) [ 000000]
</LifeTime>

<model>

<comp_list>
<comp id="0" class="1001" name="const_0">
<pin_list>
<pin id="1" dir="1" index="0" bw="1" slack="0"/>
</pin_list>
<bind>
<StgValue><ssdm name=""/></StgValue>
</bind>
</comp>

<comp id="2" class="1001" name="const_2">
<pin_list>
<pin id="3" dir="1" index="0" bw="1" slack="0"/>
</pin_list>
<bind>
<StgValue><ssdm name="Block__proc"/></StgValue>
</bind>
</comp>

<comp id="4" class="1001" name="const_4">
<pin_list>
<pin id="5" dir="1" index="0" bw="1" slack="0"/>
</pin_list>
<bind>
<StgValue><ssdm name="AXIvideo2Mat"/></StgValue>
</bind>
</comp>

<comp id="6" class="1001" name="const_6">
<pin_list>
<pin id="7" dir="1" index="0" bw="1" slack="0"/>
</pin_list>
<bind>
<StgValue><ssdm name="colorToNdg"/></StgValue>
</bind>
</comp>

<comp id="8" class="1001" name="const_8">
<pin_list>
<pin id="9" dir="1" index="0" bw="1" slack="2147483647"/>
</pin_list>
<bind>
<StgValue><ssdm name="_ssdm_op_SpecDataflowPipeline"/></StgValue>
</bind>
</comp>

<comp id="10" class="1001" name="const_10">
<pin_list>
<pin id="11" dir="1" index="0" bw="1" slack="2147483647"/>
</pin_list>
<bind>
<StgValue><ssdm name=""/></StgValue>
</bind>
</comp>

<comp id="12" class="1001" name="const_12">
<pin_list>
<pin id="13" dir="1" index="0" bw="1" slack="2147483647"/>
</pin_list>
<bind>
<StgValue><ssdm name="p_str4"/></StgValue>
</bind>
</comp>

<comp id="14" class="1001" name="const_14">
<pin_list>
<pin id="15" dir="1" index="0" bw="1" slack="2147483647"/>
</pin_list>
<bind>
<StgValue><ssdm name="_ssdm_op_SpecBitsMap"/></StgValue>
</bind>
</comp>

<comp id="16" class="1001" name="const_16">
<pin_list>
<pin id="17" dir="1" index="0" bw="1" slack="2147483647"/>
</pin_list>
<bind>
<StgValue><ssdm name=""/></StgValue>
</bind>
</comp>

<comp id="18" class="1001" name="const_18">
<pin_list>
<pin id="19" dir="1" index="0" bw="1" slack="2147483647"/>
</pin_list>
<bind>
<StgValue><ssdm name="_ssdm_op_SpecTopModule"/></StgValue>
</bind>
</comp>

<comp id="20" class="1001" name="const_20">
<pin_list>
<pin id="21" dir="1" index="0" bw="1" slack="2147483647"/>
</pin_list>
<bind>
<StgValue><ssdm name="main_str"/></StgValue>
</bind>
</comp>

<comp id="22" class="1001" name="const_22">
<pin_list>
<pin id="23" dir="1" index="0" bw="1" slack="2147483647"/>
</pin_list>
<bind>
<StgValue><ssdm name="_ssdm_op_SpecChannel"/></StgValue>
</bind>
</comp>

<comp id="24" class="1001" name="const_24">
<pin_list>
<pin id="25" dir="1" index="0" bw="1" slack="2147483647"/>
</pin_list>
<bind>
<StgValue><ssdm name="imgColor_OC_data_str_2"/></StgValue>
</bind>
</comp>

<comp id="26" class="1001" name="const_26">
<pin_list>
<pin id="27" dir="1" index="0" bw="1" slack="2147483647"/>
</pin_list>
<bind>
<StgValue><ssdm name=""/></StgValue>
</bind>
</comp>

<comp id="28" class="1001" name="const_28">
<pin_list>
<pin id="29" dir="1" index="0" bw="1" slack="2147483647"/>
</pin_list>
<bind>
<StgValue><ssdm name="p_str"/></StgValue>
</bind>
</comp>

<comp id="30" class="1001" name="const_30">
<pin_list>
<pin id="31" dir="1" index="0" bw="1" slack="2147483647"/>
</pin_list>
<bind>
<StgValue><ssdm name="_ssdm_op_SpecInterface"/></StgValue>
</bind>
</comp>

<comp id="32" class="1001" name="const_32">
<pin_list>
<pin id="33" dir="1" index="0" bw="1" slack="2147483647"/>
</pin_list>
<bind>
<StgValue><ssdm name="ap_fifo_str"/></StgValue>
</bind>
</comp>

<comp id="34" class="1001" name="const_34">
<pin_list>
<pin id="35" dir="1" index="0" bw="1" slack="2147483647"/>
</pin_list>
<bind>
<StgValue><ssdm name=""/></StgValue>
</bind>
</comp>

<comp id="36" class="1001" name="const_36">
<pin_list>
<pin id="37" dir="1" index="0" bw="1" slack="2147483647"/>
</pin_list>
<bind>
<StgValue><ssdm name=""/></StgValue>
</bind>
</comp>

<comp id="38" class="1001" name="const_38">
<pin_list>
<pin id="39" dir="1" index="0" bw="1" slack="2147483647"/>
</pin_list>
<bind>
<StgValue><ssdm name="imgColor_OC_data_str_1"/></StgValue>
</bind>
</comp>

<comp id="40" class="1001" name="const_40">
<pin_list>
<pin id="41" dir="1" index="0" bw="1" slack="2147483647"/>
</pin_list>
<bind>
<StgValue><ssdm name="imgColor_OC_data_str"/></StgValue>
</bind>
</comp>

<comp id="42" class="1001" name="const_42">
<pin_list>
<pin id="43" dir="1" index="0" bw="1" slack="2147483647"/>
</pin_list>
<bind>
<StgValue><ssdm name="p_str6"/></StgValue>
</bind>
</comp>

<comp id="44" class="1001" name="const_44">
<pin_list>
<pin id="45" dir="1" index="0" bw="1" slack="2147483647"/>
</pin_list>
<bind>
<StgValue><ssdm name="p_str7"/></StgValue>
</bind>
</comp>

<comp id="46" class="1001" name="const_46">
<pin_list>
<pin id="47" dir="1" index="0" bw="1" slack="2147483647"/>
</pin_list>
<bind>
<StgValue><ssdm name=""/></StgValue>
</bind>
</comp>

<comp id="48" class="1001" name="const_48">
<pin_list>
<pin id="49" dir="1" index="0" bw="1" slack="2147483647"/>
</pin_list>
<bind>
<StgValue><ssdm name="p_str8"/></StgValue>
</bind>
</comp>

<comp id="50" class="1001" name="const_50">
<pin_list>
<pin id="51" dir="1" index="0" bw="1" slack="2147483647"/>
</pin_list>
<bind>
<StgValue><ssdm name="p_str9"/></StgValue>
</bind>
</comp>

<comp id="52" class="1001" name="const_52">
<pin_list>
<pin id="53" dir="1" index="0" bw="1" slack="2147483647"/>
</pin_list>
<bind>
<StgValue><ssdm name="p_str10"/></StgValue>
</bind>
</comp>

<comp id="54" class="1001" name="const_54">
<pin_list>
<pin id="55" dir="1" index="0" bw="1" slack="2147483647"/>
</pin_list>
<bind>
<StgValue><ssdm name="imgColor_OC_rows_OC_1"/></StgValue>
</bind>
</comp>

<comp id="56" class="1001" name="const_56">
<pin_list>
<pin id="57" dir="1" index="0" bw="1" slack="2147483647"/>
</pin_list>
<bind>
<StgValue><ssdm name="imgColor_OC_cols_OC_1"/></StgValue>
</bind>
</comp>

<comp id="58" class="1001" name="const_58">
<pin_list>
<pin id="59" dir="1" index="0" bw="1" slack="2147483647"/>
</pin_list>
<bind>
<StgValue><ssdm name="imgColor_OC_rows_OC_s"/></StgValue>
</bind>
</comp>

<comp id="60" class="1001" name="const_60">
<pin_list>
<pin id="61" dir="1" index="0" bw="1" slack="2147483647"/>
</pin_list>
<bind>
<StgValue><ssdm name="imgColor_OC_cols_OC_s"/></StgValue>
</bind>
</comp>

<comp id="62" class="1004" name="imgColor_cols_V_c41_fu_62">
<pin_list>
<pin id="63" dir="0" index="0" bw="1" slack="0"/>
<pin id="64" dir="1" index="1" bw="11" slack="1"/>
</pin_list>
<bind>
<opcode="alloca(26) " fcode="alloca"/>
<opset="imgColor_cols_V_c41/1 "/>
</bind>
</comp>

<comp id="66" class="1004" name="imgColor_rows_V_c40_fu_66">
<pin_list>
<pin id="67" dir="0" index="0" bw="1" slack="0"/>
<pin id="68" dir="1" index="1" bw="12" slack="1"/>
</pin_list>
<bind>
<opcode="alloca(26) " fcode="alloca"/>
<opset="imgColor_rows_V_c40/1 "/>
</bind>
</comp>

<comp id="70" class="1004" name="imgColor_cols_V_c_fu_70">
<pin_list>
<pin id="71" dir="0" index="0" bw="1" slack="0"/>
<pin id="72" dir="1" index="1" bw="11" slack="0"/>
</pin_list>
<bind>
<opcode="alloca(26) " fcode="alloca"/>
<opset="imgColor_cols_V_c/1 "/>
</bind>
</comp>

<comp id="74" class="1004" name="imgColor_rows_V_c_fu_74">
<pin_list>
<pin id="75" dir="0" index="0" bw="1" slack="0"/>
<pin id="76" dir="1" index="1" bw="12" slack="0"/>
</pin_list>
<bind>
<opcode="alloca(26) " fcode="alloca"/>
<opset="imgColor_rows_V_c/1 "/>
</bind>
</comp>

<comp id="78" class="1004" name="video_in_V_data_V_fu_78">
<pin_list>
<pin id="79" dir="0" index="0" bw="1" slack="0"/>
<pin id="80" dir="1" index="1" bw="24" slack="1"/>
</pin_list>
<bind>
<opcode="alloca(26) " fcode="alloca"/>
<opset="video_in_V_data_V/1 "/>
</bind>
</comp>

<comp id="82" class="1004" name="video_in_V_keep_V_fu_82">
<pin_list>
<pin id="83" dir="0" index="0" bw="1" slack="0"/>
<pin id="84" dir="1" index="1" bw="3" slack="1"/>
</pin_list>
<bind>
<opcode="alloca(26) " fcode="alloca"/>
<opset="video_in_V_keep_V/1 "/>
</bind>
</comp>

<comp id="86" class="1004" name="video_in_V_strb_V_fu_86">
<pin_list>
<pin id="87" dir="0" index="0" bw="1" slack="0"/>
<pin id="88" dir="1" index="1" bw="3" slack="1"/>
</pin_list>
<bind>
<opcode="alloca(26) " fcode="alloca"/>
<opset="video_in_V_strb_V/1 "/>
</bind>
</comp>

<comp id="90" class="1004" name="video_in_V_user_V_fu_90">
<pin_list>
<pin id="91" dir="0" index="0" bw="1" slack="0"/>
<pin id="92" dir="1" index="1" bw="1" slack="1"/>
</pin_list>
<bind>
<opcode="alloca(26) " fcode="alloca"/>
<opset="video_in_V_user_V/1 "/>
</bind>
</comp>

<comp id="94" class="1004" name="video_in_V_last_V_fu_94">
<pin_list>
<pin id="95" dir="0" index="0" bw="1" slack="0"/>
<pin id="96" dir="1" index="1" bw="1" slack="1"/>
</pin_list>
<bind>
<opcode="alloca(26) " fcode="alloca"/>
<opset="video_in_V_last_V/1 "/>
</bind>
</comp>

<comp id="98" class="1004" name="video_in_V_id_V_fu_98">
<pin_list>
<pin id="99" dir="0" index="0" bw="1" slack="0"/>
<pin id="100" dir="1" index="1" bw="1" slack="1"/>
</pin_list>
<bind>
<opcode="alloca(26) " fcode="alloca"/>
<opset="video_in_V_id_V/1 "/>
</bind>
</comp>

<comp id="102" class="1004" name="video_in_V_dest_V_fu_102">
<pin_list>
<pin id="103" dir="0" index="0" bw="1" slack="0"/>
<pin id="104" dir="1" index="1" bw="1" slack="1"/>
</pin_list>
<bind>
<opcode="alloca(26) " fcode="alloca"/>
<opset="video_in_V_dest_V/1 "/>
</bind>
</comp>

<comp id="106" class="1004" name="imgColor_data_stream_fu_106">
<pin_list>
<pin id="107" dir="0" index="0" bw="1" slack="0"/>
<pin id="108" dir="1" index="1" bw="8" slack="1"/>
</pin_list>
<bind>
<opcode="alloca(26) " fcode="alloca"/>
<opset="imgColor_data_stream/1 "/>
</bind>
</comp>

<comp id="110" class="1004" name="imgColor_data_stream_1_fu_110">
<pin_list>
<pin id="111" dir="0" index="0" bw="1" slack="0"/>
<pin id="112" dir="1" index="1" bw="8" slack="1"/>
</pin_list>
<bind>
<opcode="alloca(26) " fcode="alloca"/>
<opset="imgColor_data_stream_1/1 "/>
</bind>
</comp>

<comp id="114" class="1004" name="imgColor_data_stream_2_fu_114">
<pin_list>
<pin id="115" dir="0" index="0" bw="1" slack="0"/>
<pin id="116" dir="1" index="1" bw="8" slack="1"/>
</pin_list>
<bind>
<opcode="alloca(26) " fcode="alloca"/>
<opset="imgColor_data_stream_2/1 "/>
</bind>
</comp>

<comp id="118" class="1004" name="imgNdg_data_stream_0_fu_118">
<pin_list>
<pin id="119" dir="0" index="0" bw="1" slack="0"/>
<pin id="120" dir="1" index="1" bw="8" slack="3"/>
</pin_list>
<bind>
<opcode="alloca(26) " fcode="alloca"/>
<opset="imgNdg_data_stream_0/1 "/>
</bind>
</comp>

<comp id="122" class="1004" name="grp_colorToNdg_fu_122">
<pin_list>
<pin id="123" dir="0" index="0" bw="0" slack="0"/>
<pin id="124" dir="0" index="1" bw="12" slack="3"/>
<pin id="125" dir="0" index="2" bw="11" slack="3"/>
<pin id="126" dir="0" index="3" bw="8" slack="3"/>
<pin id="127" dir="0" index="4" bw="8" slack="3"/>
<pin id="128" dir="0" index="5" bw="8" slack="3"/>
<pin id="129" dir="0" index="6" bw="8" slack="3"/>
<pin id="130" dir="1" index="7" bw="0" slack="2147483647"/>
</pin_list>
<bind>
<opcode="call(48) " fcode="call"/>
<opset="StgValue_24/4 "/>
</bind>
</comp>

<comp id="132" class="1004" name="grp_AXIvideo2Mat_fu_132">
<pin_list>
<pin id="133" dir="0" index="0" bw="0" slack="0"/>
<pin id="134" dir="0" index="1" bw="24" slack="1"/>
<pin id="135" dir="0" index="2" bw="3" slack="1"/>
<pin id="136" dir="0" index="3" bw="3" slack="1"/>
<pin id="137" dir="0" index="4" bw="1" slack="1"/>
<pin id="138" dir="0" index="5" bw="1" slack="1"/>
<pin id="139" dir="0" index="6" bw="1" slack="1"/>
<pin id="140" dir="0" index="7" bw="1" slack="1"/>
<pin id="141" dir="0" index="8" bw="12" slack="1"/>
<pin id="142" dir="0" index="9" bw="11" slack="1"/>
<pin id="143" dir="0" index="10" bw="8" slack="1"/>
<pin id="144" dir="0" index="11" bw="8" slack="1"/>
<pin id="145" dir="0" index="12" bw="8" slack="1"/>
<pin id="146" dir="0" index="13" bw="12" slack="1"/>
<pin id="147" dir="0" index="14" bw="11" slack="1"/>
<pin id="148" dir="1" index="15" bw="0" slack="2147483647"/>
</pin_list>
<bind>
<opcode="call(48) " fcode="call"/>
<opset="StgValue_22/2 "/>
</bind>
</comp>

<comp id="150" class="1004" name="StgValue_21_Block_proc_fu_150">
<pin_list>
<pin id="151" dir="0" index="0" bw="0" slack="0"/>
<pin id="152" dir="0" index="1" bw="12" slack="0"/>
<pin id="153" dir="0" index="2" bw="11" slack="0"/>
<pin id="154" dir="1" index="3" bw="0" slack="2147483647"/>
</pin_list>
<bind>
<opcode="call(48) " fcode="call"/>
<opset="StgValue_21/1 "/>
</bind>
</comp>

<comp id="156" class="1005" name="imgColor_cols_V_c41_reg_156">
<pin_list>
<pin id="157" dir="0" index="0" bw="11" slack="1"/>
<pin id="158" dir="1" index="1" bw="11" slack="1"/>
</pin_list>
<bind>
<opset="imgColor_cols_V_c41 "/>
</bind>
</comp>

<comp id="162" class="1005" name="imgColor_rows_V_c40_reg_162">
<pin_list>
<pin id="163" dir="0" index="0" bw="12" slack="1"/>
<pin id="164" dir="1" index="1" bw="12" slack="1"/>
</pin_list>
<bind>
<opset="imgColor_rows_V_c40 "/>
</bind>
</comp>

<comp id="168" class="1005" name="imgColor_cols_V_c_reg_168">
<pin_list>
<pin id="169" dir="0" index="0" bw="11" slack="0"/>
<pin id="170" dir="1" index="1" bw="11" slack="0"/>
</pin_list>
<bind>
<opset="imgColor_cols_V_c "/>
</bind>
</comp>

<comp id="174" class="1005" name="imgColor_rows_V_c_reg_174">
<pin_list>
<pin id="175" dir="0" index="0" bw="12" slack="0"/>
<pin id="176" dir="1" index="1" bw="12" slack="0"/>
</pin_list>
<bind>
<opset="imgColor_rows_V_c "/>
</bind>
</comp>

<comp id="180" class="1005" name="video_in_V_data_V_reg_180">
<pin_list>
<pin id="181" dir="0" index="0" bw="24" slack="1"/>
<pin id="182" dir="1" index="1" bw="24" slack="1"/>
</pin_list>
<bind>
<opset="video_in_V_data_V "/>
</bind>
</comp>

<comp id="185" class="1005" name="video_in_V_keep_V_reg_185">
<pin_list>
<pin id="186" dir="0" index="0" bw="3" slack="1"/>
<pin id="187" dir="1" index="1" bw="3" slack="1"/>
</pin_list>
<bind>
<opset="video_in_V_keep_V "/>
</bind>
</comp>

<comp id="190" class="1005" name="video_in_V_strb_V_reg_190">
<pin_list>
<pin id="191" dir="0" index="0" bw="3" slack="1"/>
<pin id="192" dir="1" index="1" bw="3" slack="1"/>
</pin_list>
<bind>
<opset="video_in_V_strb_V "/>
</bind>
</comp>

<comp id="195" class="1005" name="video_in_V_user_V_reg_195">
<pin_list>
<pin id="196" dir="0" index="0" bw="1" slack="1"/>
<pin id="197" dir="1" index="1" bw="1" slack="1"/>
</pin_list>
<bind>
<opset="video_in_V_user_V "/>
</bind>
</comp>

<comp id="200" class="1005" name="video_in_V_last_V_reg_200">
<pin_list>
<pin id="201" dir="0" index="0" bw="1" slack="1"/>
<pin id="202" dir="1" index="1" bw="1" slack="1"/>
</pin_list>
<bind>
<opset="video_in_V_last_V "/>
</bind>
</comp>

<comp id="205" class="1005" name="video_in_V_id_V_reg_205">
<pin_list>
<pin id="206" dir="0" index="0" bw="1" slack="1"/>
<pin id="207" dir="1" index="1" bw="1" slack="1"/>
</pin_list>
<bind>
<opset="video_in_V_id_V "/>
</bind>
</comp>

<comp id="210" class="1005" name="video_in_V_dest_V_reg_210">
<pin_list>
<pin id="211" dir="0" index="0" bw="1" slack="1"/>
<pin id="212" dir="1" index="1" bw="1" slack="1"/>
</pin_list>
<bind>
<opset="video_in_V_dest_V "/>
</bind>
</comp>

<comp id="215" class="1005" name="imgColor_data_stream_reg_215">
<pin_list>
<pin id="216" dir="0" index="0" bw="8" slack="1"/>
<pin id="217" dir="1" index="1" bw="8" slack="1"/>
</pin_list>
<bind>
<opset="imgColor_data_stream "/>
</bind>
</comp>

<comp id="221" class="1005" name="imgColor_data_stream_1_reg_221">
<pin_list>
<pin id="222" dir="0" index="0" bw="8" slack="1"/>
<pin id="223" dir="1" index="1" bw="8" slack="1"/>
</pin_list>
<bind>
<opset="imgColor_data_stream_1 "/>
</bind>
</comp>

<comp id="227" class="1005" name="imgColor_data_stream_2_reg_227">
<pin_list>
<pin id="228" dir="0" index="0" bw="8" slack="1"/>
<pin id="229" dir="1" index="1" bw="8" slack="1"/>
</pin_list>
<bind>
<opset="imgColor_data_stream_2 "/>
</bind>
</comp>

<comp id="233" class="1005" name="imgNdg_data_stream_0_reg_233">
<pin_list>
<pin id="234" dir="0" index="0" bw="8" slack="3"/>
<pin id="235" dir="1" index="1" bw="8" slack="3"/>
</pin_list>
<bind>
<opset="imgNdg_data_stream_0 "/>
</bind>
</comp>

</comp_list>

<net_list>
<net id="65"><net_src comp="0" pin="0"/><net_sink comp="62" pin=0"/></net>

<net id="69"><net_src comp="0" pin="0"/><net_sink comp="66" pin=0"/></net>

<net id="73"><net_src comp="0" pin="0"/><net_sink comp="70" pin=0"/></net>

<net id="77"><net_src comp="0" pin="0"/><net_sink comp="74" pin=0"/></net>

<net id="81"><net_src comp="0" pin="0"/><net_sink comp="78" pin=0"/></net>

<net id="85"><net_src comp="0" pin="0"/><net_sink comp="82" pin=0"/></net>

<net id="89"><net_src comp="0" pin="0"/><net_sink comp="86" pin=0"/></net>

<net id="93"><net_src comp="0" pin="0"/><net_sink comp="90" pin=0"/></net>

<net id="97"><net_src comp="0" pin="0"/><net_sink comp="94" pin=0"/></net>

<net id="101"><net_src comp="0" pin="0"/><net_sink comp="98" pin=0"/></net>

<net id="105"><net_src comp="0" pin="0"/><net_sink comp="102" pin=0"/></net>

<net id="109"><net_src comp="0" pin="0"/><net_sink comp="106" pin=0"/></net>

<net id="113"><net_src comp="0" pin="0"/><net_sink comp="110" pin=0"/></net>

<net id="117"><net_src comp="0" pin="0"/><net_sink comp="114" pin=0"/></net>

<net id="121"><net_src comp="0" pin="0"/><net_sink comp="118" pin=0"/></net>

<net id="131"><net_src comp="6" pin="0"/><net_sink comp="122" pin=0"/></net>

<net id="149"><net_src comp="4" pin="0"/><net_sink comp="132" pin=0"/></net>

<net id="155"><net_src comp="2" pin="0"/><net_sink comp="150" pin=0"/></net>

<net id="159"><net_src comp="62" pin="1"/><net_sink comp="156" pin=0"/></net>

<net id="160"><net_src comp="156" pin="1"/><net_sink comp="132" pin=14"/></net>

<net id="161"><net_src comp="156" pin="1"/><net_sink comp="122" pin=2"/></net>

<net id="165"><net_src comp="66" pin="1"/><net_sink comp="162" pin=0"/></net>

<net id="166"><net_src comp="162" pin="1"/><net_sink comp="132" pin=13"/></net>

<net id="167"><net_src comp="162" pin="1"/><net_sink comp="122" pin=1"/></net>

<net id="171"><net_src comp="70" pin="1"/><net_sink comp="168" pin=0"/></net>

<net id="172"><net_src comp="168" pin="1"/><net_sink comp="150" pin=2"/></net>

<net id="173"><net_src comp="168" pin="1"/><net_sink comp="132" pin=9"/></net>

<net id="177"><net_src comp="74" pin="1"/><net_sink comp="174" pin=0"/></net>

<net id="178"><net_src comp="174" pin="1"/><net_sink comp="150" pin=1"/></net>

<net id="179"><net_src comp="174" pin="1"/><net_sink comp="132" pin=8"/></net>

<net id="183"><net_src comp="78" pin="1"/><net_sink comp="180" pin=0"/></net>

<net id="184"><net_src comp="180" pin="1"/><net_sink comp="132" pin=1"/></net>

<net id="188"><net_src comp="82" pin="1"/><net_sink comp="185" pin=0"/></net>

<net id="189"><net_src comp="185" pin="1"/><net_sink comp="132" pin=2"/></net>

<net id="193"><net_src comp="86" pin="1"/><net_sink comp="190" pin=0"/></net>

<net id="194"><net_src comp="190" pin="1"/><net_sink comp="132" pin=3"/></net>

<net id="198"><net_src comp="90" pin="1"/><net_sink comp="195" pin=0"/></net>

<net id="199"><net_src comp="195" pin="1"/><net_sink comp="132" pin=4"/></net>

<net id="203"><net_src comp="94" pin="1"/><net_sink comp="200" pin=0"/></net>

<net id="204"><net_src comp="200" pin="1"/><net_sink comp="132" pin=5"/></net>

<net id="208"><net_src comp="98" pin="1"/><net_sink comp="205" pin=0"/></net>

<net id="209"><net_src comp="205" pin="1"/><net_sink comp="132" pin=6"/></net>

<net id="213"><net_src comp="102" pin="1"/><net_sink comp="210" pin=0"/></net>

<net id="214"><net_src comp="210" pin="1"/><net_sink comp="132" pin=7"/></net>

<net id="218"><net_src comp="106" pin="1"/><net_sink comp="215" pin=0"/></net>

<net id="219"><net_src comp="215" pin="1"/><net_sink comp="132" pin=10"/></net>

<net id="220"><net_src comp="215" pin="1"/><net_sink comp="122" pin=3"/></net>

<net id="224"><net_src comp="110" pin="1"/><net_sink comp="221" pin=0"/></net>

<net id="225"><net_src comp="221" pin="1"/><net_sink comp="132" pin=11"/></net>

<net id="226"><net_src comp="221" pin="1"/><net_sink comp="122" pin=4"/></net>

<net id="230"><net_src comp="114" pin="1"/><net_sink comp="227" pin=0"/></net>

<net id="231"><net_src comp="227" pin="1"/><net_sink comp="132" pin=12"/></net>

<net id="232"><net_src comp="227" pin="1"/><net_sink comp="122" pin=5"/></net>

<net id="236"><net_src comp="118" pin="1"/><net_sink comp="233" pin=0"/></net>

<net id="237"><net_src comp="233" pin="1"/><net_sink comp="122" pin=6"/></net>

</net_list>

</model> 
---------------- Datapath Model END ------------------

* FSMD analyzer results:
  - Output states:
 - Input state : 
  - Chain level:
	State 1
		StgValue_21 : 1
	State 2
	State 3
	State 4
	State 5


============================================================
+ Verbose Summary: Datapath Resource usage 
============================================================

* Functional unit list:
|----------|-------------------------------|---------|---------|---------|---------|
| Operation|        Functional Unit        |  DSP48E |  Delay  |    FF   |   LUT   |
|----------|-------------------------------|---------|---------|---------|---------|
|          |     grp_colorToNdg_fu_122     |    1    |    0    |   209   |   166   |
|   call   |    grp_AXIvideo2Mat_fu_132    |    0    |  1.769  |   245   |    78   |
|          | StgValue_21_Block_proc_fu_150 |    0    |    0    |    0    |    0    |
|----------|-------------------------------|---------|---------|---------|---------|
|   Total  |                               |    1    |  1.769  |   454   |   244   |
|----------|-------------------------------|---------|---------|---------|---------|

Memories:
N/A

* Register list:
+------------------------------+--------+
|                              |   FF   |
+------------------------------+--------+
|  imgColor_cols_V_c41_reg_156 |   11   |
|   imgColor_cols_V_c_reg_168  |   11   |
|imgColor_data_stream_1_reg_221|    8   |
|imgColor_data_stream_2_reg_227|    8   |
| imgColor_data_stream_reg_215 |    8   |
|  imgColor_rows_V_c40_reg_162 |   12   |
|   imgColor_rows_V_c_reg_174  |   12   |
| imgNdg_data_stream_0_reg_233 |    8   |
|   video_in_V_data_V_reg_180  |   24   |
|   video_in_V_dest_V_reg_210  |    1   |
|    video_in_V_id_V_reg_205   |    1   |
|   video_in_V_keep_V_reg_185  |    3   |
|   video_in_V_last_V_reg_200  |    1   |
|   video_in_V_strb_V_reg_190  |    3   |
|   video_in_V_user_V_reg_195  |    1   |
+------------------------------+--------+
|             Total            |   112  |
+------------------------------+--------+

* Multiplexer (MUX) list: 
|--------|------|------|------|--------|
|  Comp  |  Pin | Size |  BW  | S x BW |
|--------|------|------|------|--------|
|  Total |      |      |      |    0   |
|--------|------|------|------|--------|



* Summary:
+-----------+--------+--------+--------+--------+
|           | DSP48E |  Delay |   FF   |   LUT  |
+-----------+--------+--------+--------+--------+
|  Function |    1   |    1   |   454  |   244  |
|   Memory  |    -   |    -   |    -   |    -   |
|Multiplexer|    -   |    -   |    -   |    -   |
|  Register |    -   |    -   |   112  |    -   |
+-----------+--------+--------+--------+--------+
|   Total   |    1   |    1   |   566  |   244  |
+-----------+--------+--------+--------+--------+
